<?xml version="1.0" encoding="UTF-8"?>
<testsuite xmlns:xsi="http://www.w3.org/2001/XMLSchema-instance" xsi:noNamespaceSchemaLocation="https://maven.apache.org/surefire/maven-surefire-plugin/xsd/surefire-test-report-3.0.xsd" version="3.0" name="com.mahasiswa.dao.MahasiswaDAOTest" time="0.697" tests="3" errors="0" skipped="0" failures="0">
  <properties>
[...]
</properties>
  <testcase name="testGet" classname="com.mahasiswa.dao.MahasiswaDAOTest" time="0.598">
    <system-out><![CDATA[Mahasiswa [nim=112233, nama=Reynold Yehezkiel, jurusan=Teknik Informatika, tahun=2018]
]]></system-out>
  </testcase>
  <testcase name="testList" classname="com.mahasiswa.dao.MahasiswaDAOTest" time="0.014">
    <system-out><![CDATA[Mahasiswa [nim=112233, nama=Reynold Yehezkiel, jurusan=Teknik Informatika, tahun=2018]
Mahasiswa [nim=123456, nama=Nomad Nero, jurusan=Teknik Nuklir, tahun=2016]
Mahasiswa [nim=223344, nama=Jane Smith, jurusan=Ekonomi, tahun=2019]
]]></system-out>
  </testcase>
  <testcase name="testSave" classname="com.mahasiswa.dao.MahasiswaDAOTest" time="0.036"/>
</testsuite>